File "boolExpr.ml", line 66, characters 14-83:
Warning 8: this pattern-matching is not exhaustive.
Here is an example of a value that is not matched:
(_, [])
File "boolExpr.ml", line 69, characters 14-81:
Warning 8: this pattern-matching is not exhaustive.
Here is an example of a value that is not matched:
(_, [])
File "boolExpr.ml", line 72, characters 14-81:
Warning 8: this pattern-matching is not exhaustive.
Here is an example of a value that is not matched:
(_, [])
File "boolExpr.ml", line 82, characters 5-6:
Warning 11: this match case is unused.
File "boolExpr.ml", line 85, characters 5-6:
Warning 11: this match case is unused.
File "boolExpr.ml", line 88, characters 5-6:
Warning 11: this match case is unused.
File "../../data/hw2/boolExpr_tests.ml", line 100, characters 34-40:
Error: This expression has type string list
       but an expression was expected of type token list
       Type string is not compatible with type token 
